2025-07-10 15:11:45 - PuffinZip_App_GUI_Runner - INFO - run_gui.<module>:143 - --- PuffinZipAI GUI Application Script Starting (Logger Active) ---
2025-07-10 15:11:45 - PuffinZip_App_GUI_Runner - INFO - run_gui.<module>:158 - Initializing PuffinZipApp instance...
2025-07-10 15:11:46 - PuffinZip_App_Class - DEBUG - generational_data_viewer._create_widgets:153 - GenerationalDataViewerTab widgets created.
2025-07-10 15:11:46 - PuffinZip_App_Class - INFO - generational_data_viewer.load_and_display_data:283 - GDV: Attempting to load and display generational data...
2025-07-10 15:11:46 - PuffinZip_App_Class - INFO - generational_data_viewer.load_and_display_data:325 - GDV: No population data to display for current ELS state.
2025-07-10 15:11:46 - PuffinZip_App_Class - INFO - generational_data_viewer.__init__:69 - GenerationalDataViewerTab initialized.
2025-07-10 15:11:46 - PuffinZip_App_Class - INFO - settings_gui._create_device_selection_combobox:192 - Getting processing device options for settings UI...
2025-07-10 15:11:46 - PuffinZip_App_Class - INFO - settings_gui.populate_settings_tab:761 - Settings tab UI populated using settings_gui.populate_settings_tab.
2025-07-10 15:11:46 - PuffinZip_App_GUI_Runner - INFO - run_gui.<module>:160 - PuffinZipApp initialized. Starting mainloop...
2025-07-10 15:12:25 - PuffinZip_App_Class - INFO - generational_data_viewer.load_and_display_data:283 - GDV: Attempting to load and display generational data...
2025-07-10 15:12:25 - PuffinZip_App_Class - INFO - generational_data_viewer.load_and_display_data:396 - GDV: Displayed 50 agents.
2025-07-10 15:13:26 - PuffinZip_App_GUI_Runner - INFO - run_gui.<module>:180 - --- PuffinZipAI GUI Application Script Closed ---
2025-07-10 15:16:44 - PuffinZip_App_GUI_Runner - INFO - run_gui.<module>:143 - --- PuffinZipAI GUI Application Script Starting (Logger Active) ---
2025-07-10 15:16:44 - PuffinZip_App_GUI_Runner - INFO - run_gui.<module>:158 - Initializing PuffinZipApp instance...
2025-07-10 15:16:44 - PuffinZip_App_Class - DEBUG - generational_data_viewer._create_widgets:153 - GenerationalDataViewerTab widgets created.
2025-07-10 15:16:44 - PuffinZip_App_Class - INFO - generational_data_viewer.load_and_display_data:283 - GDV: Attempting to load and display generational data...
2025-07-10 15:16:44 - PuffinZip_App_Class - INFO - generational_data_viewer.load_and_display_data:325 - GDV: No population data to display for current ELS state.
2025-07-10 15:16:44 - PuffinZip_App_Class - INFO - generational_data_viewer.__init__:69 - GenerationalDataViewerTab initialized.
2025-07-10 15:16:44 - PuffinZip_App_Class - INFO - settings_gui._create_device_selection_combobox:192 - Getting processing device options for settings UI...
2025-07-10 15:16:44 - PuffinZip_App_Class - INFO - settings_gui.populate_settings_tab:761 - Settings tab UI populated using settings_gui.populate_settings_tab.
2025-07-10 15:16:44 - PuffinZip_App_GUI_Runner - INFO - run_gui.<module>:160 - PuffinZipApp initialized. Starting mainloop...
2025-07-10 15:17:56 - PuffinZip_App_Class - INFO - generational_data_viewer.load_and_display_data:283 - GDV: Attempting to load and display generational data...
2025-07-10 15:17:57 - PuffinZip_App_Class - INFO - generational_data_viewer.load_and_display_data:396 - GDV: Displayed 50 agents.
2025-07-10 15:18:24 - PuffinZip_App_GUI_Runner - INFO - run_gui.<module>:180 - --- PuffinZipAI GUI Application Script Closed ---
2025-07-10 15:47:17 - PuffinZip_App_GUI_Runner - INFO - run_gui.<module>:143 - --- PuffinZipAI GUI Application Script Starting (Logger Active) ---
2025-07-10 15:47:17 - PuffinZip_App_GUI_Runner - INFO - run_gui.<module>:158 - Initializing PuffinZipApp instance...
2025-07-10 15:47:18 - PuffinZip_App_Class - DEBUG - generational_data_viewer._create_widgets:153 - GenerationalDataViewerTab widgets created.
2025-07-10 15:47:18 - PuffinZip_App_Class - INFO - generational_data_viewer.load_and_display_data:283 - GDV: Attempting to load and display generational data...
2025-07-10 15:47:18 - PuffinZip_App_Class - INFO - generational_data_viewer.load_and_display_data:325 - GDV: No population data to display for current ELS state.
2025-07-10 15:47:18 - PuffinZip_App_Class - INFO - generational_data_viewer.__init__:69 - GenerationalDataViewerTab initialized.
2025-07-10 15:47:18 - PuffinZip_App_Class - INFO - settings_gui._create_device_selection_combobox:192 - Getting processing device options for settings UI...
2025-07-10 15:47:18 - PuffinZip_App_Class - INFO - settings_gui.populate_settings_tab:761 - Settings tab UI populated using settings_gui.populate_settings_tab.
2025-07-10 15:47:18 - PuffinZip_App_GUI_Runner - INFO - run_gui.<module>:160 - PuffinZipApp initialized. Starting mainloop...
2025-07-10 15:47:25 - PuffinZip_App_GUI_Runner - INFO - run_gui.<module>:180 - --- PuffinZipAI GUI Application Script Closed ---
2025-07-10 15:47:28 - PuffinZip_App_GUI_Runner - INFO - run_gui.<module>:143 - --- PuffinZipAI GUI Application Script Starting (Logger Active) ---
2025-07-10 15:47:28 - PuffinZip_App_GUI_Runner - INFO - run_gui.<module>:158 - Initializing PuffinZipApp instance...
2025-07-10 15:47:28 - PuffinZip_App_Class - DEBUG - generational_data_viewer._create_widgets:153 - GenerationalDataViewerTab widgets created.
2025-07-10 15:47:28 - PuffinZip_App_Class - INFO - generational_data_viewer.load_and_display_data:283 - GDV: Attempting to load and display generational data...
2025-07-10 15:47:28 - PuffinZip_App_Class - INFO - generational_data_viewer.load_and_display_data:325 - GDV: No population data to display for current ELS state.
2025-07-10 15:47:28 - PuffinZip_App_Class - INFO - generational_data_viewer.__init__:69 - GenerationalDataViewerTab initialized.
2025-07-10 15:47:28 - PuffinZip_App_Class - INFO - settings_gui._create_device_selection_combobox:192 - Getting processing device options for settings UI...
2025-07-10 15:47:29 - PuffinZip_App_Class - INFO - settings_gui.populate_settings_tab:761 - Settings tab UI populated using settings_gui.populate_settings_tab.
2025-07-10 15:47:29 - PuffinZip_App_GUI_Runner - INFO - run_gui.<module>:160 - PuffinZipApp initialized. Starting mainloop...
2025-07-10 16:28:30 - PuffinZip_App_GUI_Runner - INFO - run_gui.<module>:180 - --- PuffinZipAI GUI Application Script Closed ---
2025-07-10 16:28:37 - PuffinZip_App_GUI_Runner - INFO - run_gui.<module>:143 - --- PuffinZipAI GUI Application Script Starting (Logger Active) ---
2025-07-10 16:28:37 - PuffinZip_App_GUI_Runner - INFO - run_gui.<module>:158 - Initializing PuffinZipApp instance...
2025-07-10 16:28:38 - PuffinZip_App_Class - DEBUG - generational_data_viewer._create_widgets:153 - GenerationalDataViewerTab widgets created.
2025-07-10 16:28:38 - PuffinZip_App_Class - INFO - generational_data_viewer.load_and_display_data:283 - GDV: Attempting to load and display generational data...
2025-07-10 16:28:38 - PuffinZip_App_Class - INFO - generational_data_viewer.load_and_display_data:325 - GDV: No population data to display for current ELS state.
2025-07-10 16:28:38 - PuffinZip_App_Class - INFO - generational_data_viewer.__init__:69 - GenerationalDataViewerTab initialized.
2025-07-10 16:28:38 - PuffinZip_App_Class - INFO - settings_gui._create_device_selection_combobox:192 - Getting processing device options for settings UI...
2025-07-10 16:28:38 - PuffinZip_App_Class - INFO - settings_gui.populate_settings_tab:761 - Settings tab UI populated using settings_gui.populate_settings_tab.
2025-07-10 16:28:38 - PuffinZip_App_GUI_Runner - INFO - run_gui.<module>:160 - PuffinZipApp initialized. Starting mainloop...
2025-07-10 16:29:53 - PuffinZip_App_Class - INFO - generational_data_viewer.load_and_display_data:283 - GDV: Attempting to load and display generational data...
2025-07-10 16:29:53 - PuffinZip_App_Class - INFO - generational_data_viewer.load_and_display_data:396 - GDV: Displayed 50 agents.
2025-07-10 16:30:44 - PuffinZip_App_GUI_Runner - INFO - run_gui.<module>:180 - --- PuffinZipAI GUI Application Script Closed ---
2025-07-10 16:47:04 - PuffinZip_App_GUI_Runner - INFO - run_gui.<module>:143 - --- PuffinZipAI GUI Application Script Starting (Logger Active) ---
2025-07-10 16:47:04 - PuffinZip_App_GUI_Runner - INFO - run_gui.<module>:158 - Initializing PuffinZipApp instance...
2025-07-10 16:47:04 - PuffinZip_App_Class - INFO - primary_main_app.__init__:264 - PMA: Attempting to load previous GUI state...
2025-07-10 16:47:04 - PuffinZip_App_Class - INFO - primary_main_app.__init__:269 - PMA: Restored window geometry to 1250x820
2025-07-10 16:47:05 - PuffinZip_App_Class - DEBUG - generational_data_viewer._create_widgets:153 - GenerationalDataViewerTab widgets created.
2025-07-10 16:47:05 - PuffinZip_App_Class - INFO - generational_data_viewer.load_and_display_data:283 - GDV: Attempting to load and display generational data...
2025-07-10 16:47:05 - PuffinZip_App_Class - INFO - generational_data_viewer.load_and_display_data:325 - GDV: No population data to display for current ELS state.
2025-07-10 16:47:05 - PuffinZip_App_Class - INFO - generational_data_viewer.__init__:69 - GenerationalDataViewerTab initialized.
2025-07-10 16:47:05 - PuffinZip_App_Class - INFO - settings_gui._create_device_selection_combobox:192 - Getting processing device options for settings UI...
2025-07-10 16:47:05 - PuffinZip_App_Class - INFO - settings_gui.populate_settings_tab:761 - Settings tab UI populated using settings_gui.populate_settings_tab.
2025-07-10 16:47:05 - PuffinZip_App_GUI_Runner - INFO - run_gui.<module>:160 - PuffinZipApp initialized. Starting mainloop...
2025-07-10 16:50:15 - PuffinZip_App_Class - INFO - generational_data_viewer.load_and_display_data:283 - GDV: Attempting to load and display generational data...
2025-07-10 16:50:15 - PuffinZip_App_Class - INFO - generational_data_viewer.load_and_display_data:396 - GDV: Displayed 50 agents.
2025-07-10 17:39:35 - PuffinZip_App_Class - INFO - primary_main_app.on_closing:1088 - PMA: Saving GUI state on closing...
2025-07-10 17:39:35 - PuffinZip_App_Class - INFO - primary_main_app.on_closing:1092 - PMA: Saved window geometry: 1250x820+130+130
2025-07-10 17:39:35 - PuffinZip_App_GUI_Runner - INFO - run_gui.<module>:180 - --- PuffinZipAI GUI Application Script Closed ---
